<?xml version="1.0" encoding="UTF-8"?>
<!-- Generated by org.testng.reporters.JUnitXMLReporter -->
<testsuite ignored="0" hostname="MSI" failures="0" tests="4" name="Default test" time="3.378" errors="0" timestamp="2022-02-16T12:38:42 IST">
  <testcase classname="newSuit.gears" name="bh" time="0.006"/>
  <testcase classname="newSuit.gears" name="d" time="0.001"/>
  <testcase classname="newSuit.gears" name="a" time="3.333"/>
  <testcase classname="newSuit.gears" name="c" time="0.0"/>
</testsuite> <!-- Default test -->
