<?xml version="1.0" encoding="UTF-8"?>
<testng-results ignored="0" total="1" passed="1" failed="0" skipped="0">
  <reporter-output>
  </reporter-output>
  <suite started-at="2021-08-04T20:48:22Z" name="Default suite" finished-at="2021-08-04T20:48:22Z" duration-ms="49">
    <groups>
    </groups>
    <test started-at="2021-08-04T20:48:22Z" name="Default test" finished-at="2021-08-04T20:48:22Z" duration-ms="49">
      <class name="RestAssured.PutMethod">
        <test-method signature="l1()[pri:0, instance:RestAssured.PutMethod@5149d738]" started-at="2021-08-04T20:48:22Z" name="l1" finished-at="2021-08-04T20:48:22Z" duration-ms="14" status="PASS">
          <reporter-output>
          </reporter-output>
        </test-method> <!-- l1 -->
      </class> <!-- RestAssured.PutMethod -->
    </test> <!-- Default test -->
  </suite> <!-- Default suite -->
</testng-results>
