<?xml version="1.0" encoding="UTF-8"?>
<!-- Generated by org.testng.reporters.JUnitXMLReporter -->
<testsuite ignored="2" hostname="MSI" failures="0" tests="2" name="testname" time="0.027" errors="0" timestamp="21 May 2021 19:17:45 GMT">
  <testcase classname="newSuit.gears" name="bh" time="0.007"/>
  <testcase classname="newSuit.gears" name="c" time="0.001"/>
  <testcase classname="newSuit.gears" name="a" time="0.0">
    <ignored/>
  </testcase> <!-- a -->
  <testcase classname="newSuit.gears" name="d" time="0.0">
    <ignored/>
  </testcase> <!-- d -->
</testsuite> <!-- testname -->
