<?xml version="1.0" encoding="UTF-8"?>
<!-- Generated by org.testng.reporters.JUnitXMLReporter -->
<testsuite ignored="0" hostname="MSI" failures="0" tests="3" name="parameters check the values for each testcase" time="4.182" errors="0" timestamp="21 May 2021 21:32:15 GMT">
  <testcase classname="newSuit.parallelexecution" name="openflipkart" time="3.168"/>
  <testcase classname="newSuit.parallelexecution" name="openamazon" time="3.698"/>
  <testcase classname="newSuit.parallelexecution" name="openyoutube" time="4.167"/>
</testsuite> <!-- parameters check the values for each testcase -->
